[debug] [2026-06-21T16:20:51.423Z] ----------------------------------------------------------------------
[debug] [2026-06-21T16:20:51.426Z] Command:       C:\Program Files\nodejs\node.exe C:\Users\aries\AppData\Roaming\npm\node_modules\firebase-tools\lib\bin\firebase.js emulators:start --only functions
[debug] [2026-06-21T16:20:51.426Z] CLI Version:   15.22.0
[debug] [2026-06-21T16:20:51.426Z] Platform:      win32
[debug] [2026-06-21T16:20:51.426Z] Node Version:  v24.14.0
[debug] [2026-06-21T16:20:51.427Z] Detected Agent: unknown
[debug] [2026-06-21T16:20:51.427Z] Time:          Sun Jun 21 2026 11:20:51 GMT-0500 (hora estándar de Colombia)
[debug] [2026-06-21T16:20:51.427Z] ----------------------------------------------------------------------
[debug] 
[debug] [2026-06-21T16:20:53.862Z] > command requires scopes: ["email","openid","https://www.googleapis.com/auth/cloudplatformprojects.readonly","https://www.googleapis.com/auth/firebase","https://www.googleapis.com/auth/cloud-platform"]
[debug] [2026-06-21T16:20:53.862Z] > authorizing via signed-in user (miguelvegap10@gmail.com)
[info] i  emulators: Starting emulators: functions {"metadata":{"emulator":{"name":"hub"},"message":"Starting emulators: functions"}}
[debug] [2026-06-21T16:20:53.873Z] [logging] Logging Emulator only supports listening on one address (127.0.0.1). Not listening on ::1
[debug] [2026-06-21T16:20:53.873Z] assigned listening specs for emulators {"user":{"hub":[{"address":"127.0.0.1","family":"IPv4","port":4400},{"address":"::1","family":"IPv6","port":4400}],"ui":[{"address":"127.0.0.1","family":"IPv4","port":4000},{"address":"::1","family":"IPv6","port":4000}],"logging":[{"address":"127.0.0.1","family":"IPv4","port":4500}]},"metadata":{"message":"assigned listening specs for emulators"}}
[debug] [2026-06-21T16:20:53.878Z] Write emulator hub locator at C:\Users\aries\AppData\Local\Temp\hub-mef-inversiones.json
[debug] [2026-06-21T16:20:53.894Z] [functions] Functions Emulator only supports listening on one address (127.0.0.1). Not listening on ::1
[debug] [2026-06-21T16:20:53.894Z] [eventarc] Eventarc Emulator only supports listening on one address (127.0.0.1). Not listening on ::1
[debug] [2026-06-21T16:20:53.895Z] [tasks] Cloud Tasks Emulator only supports listening on one address (127.0.0.1). Not listening on ::1
[debug] [2026-06-21T16:20:53.895Z] late-assigned ports for functions and eventarc emulators {"user":{"hub":[{"address":"127.0.0.1","family":"IPv4","port":4400},{"address":"::1","family":"IPv6","port":4400}],"ui":[{"address":"127.0.0.1","family":"IPv4","port":4000},{"address":"::1","family":"IPv6","port":4000}],"logging":[{"address":"127.0.0.1","family":"IPv4","port":4500}],"functions":[{"address":"127.0.0.1","family":"IPv4","port":5001}],"eventarc":[{"address":"127.0.0.1","family":"IPv4","port":9299}],"tasks":[{"address":"127.0.0.1","family":"IPv4","port":9499}]},"metadata":{"message":"late-assigned ports for functions and eventarc emulators"}}
[warn] !  functions: The following emulators are not running, calls to these services from the Functions emulator will affect production: apphosting, auth, firestore, database, hosting, pubsub, storage, dataconnect {"metadata":{"emulator":{"name":"functions"},"message":"The following emulators are not running, calls to these services from the Functions emulator will affect production: \u001b[1mapphosting, auth, firestore, database, hosting, pubsub, storage, dataconnect\u001b[22m"}}
[debug] [2026-06-21T16:20:53.916Z] defaultcredentials: writing to file C:\Users\aries\AppData\Roaming\firebase\miguelvegap10_gmail_com_application_default_credentials.json
[debug] [2026-06-21T16:20:53.918Z] Setting GAC to C:\Users\aries\AppData\Roaming\firebase\miguelvegap10_gmail_com_application_default_credentials.json {"metadata":{"emulator":{"name":"functions"},"message":"Setting GAC to C:\\Users\\aries\\AppData\\Roaming\\firebase\\miguelvegap10_gmail_com_application_default_credentials.json"}}
[debug] [2026-06-21T16:20:53.919Z] Checked if tokens are valid: false, expires at: 1782059164390
[debug] [2026-06-21T16:20:53.920Z] Checked if tokens are valid: false, expires at: 1782059164390
[debug] [2026-06-21T16:20:53.920Z] > refreshing access token with scopes: []
[debug] [2026-06-21T16:20:53.922Z] >>> [apiv2][query] POST https://www.googleapis.com/oauth2/v3/token [none]
[debug] [2026-06-21T16:20:53.922Z] >>> [apiv2][body] POST https://www.googleapis.com/oauth2/v3/token [omitted]
[debug] [2026-06-21T16:20:54.116Z] <<< [apiv2][status] POST https://www.googleapis.com/oauth2/v3/token 200
[debug] [2026-06-21T16:20:54.116Z] <<< [apiv2][body] POST https://www.googleapis.com/oauth2/v3/token [omitted]
[debug] [2026-06-21T16:20:54.131Z] >>> [apiv2][query] GET https://firebase.googleapis.com/v1beta1/projects/mef-inversiones/adminSdkConfig [none]
[debug] [2026-06-21T16:20:54.592Z] <<< [apiv2][status] GET https://firebase.googleapis.com/v1beta1/projects/mef-inversiones/adminSdkConfig 200
[debug] [2026-06-21T16:20:54.593Z] <<< [apiv2][body] GET https://firebase.googleapis.com/v1beta1/projects/mef-inversiones/adminSdkConfig {"projectId":"mef-inversiones","storageBucket":"mef-inversiones.firebasestorage.app"}
[info] i  functions: Watching "D:\programas\reto-tecnico-expediente-check\functions" for Cloud Functions... {"metadata":{"emulator":{"name":"functions"},"message":"Watching \"D:\\programas\\reto-tecnico-expediente-check\\functions\" for Cloud Functions..."}}
[debug] [2026-06-21T16:20:54.624Z] Validating nodejs source
[debug] [2026-06-21T16:20:56.220Z] > [functions] package.json contents: {
  "name": "functions",
  "scripts": {
    "build": "tsc",
    "build:watch": "tsc --watch",
    "serve": "npm run build && firebase emulators:start --only functions",
    "shell": "npm run build && firebase functions:shell",
    "start": "npm run shell",
    "deploy": "firebase deploy --only functions",
    "logs": "firebase functions:log"
  },
  "engines": {
    "node": "24"
  },
  "main": "lib/index.js",
  "dependencies": {
    "firebase-admin": "^13.6.0",
    "firebase-functions": "^7.0.0"
  },
  "devDependencies": {
    "typescript": "^6.0.0",
    "firebase-functions-test": "^3.4.1"
  },
  "private": true
}
[debug] [2026-06-21T16:20:56.221Z] Building nodejs source
[debug] [2026-06-21T16:20:56.221Z] Failed to find version of module node: reached end of search path D:\programas\reto-tecnico-expediente-check\functions\node_modules
[info] +  functions: Using node@24 from host. 
[debug] [2026-06-21T16:20:56.224Z] Could not find functions.yaml. Must use http discovery
[debug] [2026-06-21T16:20:56.233Z] Found firebase-functions binary at 'D:\programas\reto-tecnico-expediente-check\functions\node_modules\.bin\firebase-functions'
[info] Serving at port 8562

[debug] [2026-06-21T16:20:57.229Z] Got response from /__/functions.yaml {"endpoints":{"mefProxy":{"availableMemoryMb":null,"timeoutSeconds":null,"minInstances":null,"maxInstances":10,"ingressSettings":null,"concurrency":null,"serviceAccountEmail":null,"vpc":null,"platform":"gcfv2","labels":{},"httpsTrigger":{},"entryPoint":"mefProxy"}},"specVersion":"v1alpha1","requiredAPIs":[],"extensions":{}}
[info] +  functions: Loaded functions definitions from source: mefProxy. {"metadata":{"emulator":{"name":"functions"},"message":"Loaded functions definitions from source: mefProxy."}}
[info] +  functions[us-central1-mefProxy]: http function initialized (http://127.0.0.1:5001/mef-inversiones/us-central1/mefProxy). {"metadata":{"emulator":{"name":"functions"},"message":"\u001b[1mhttp\u001b[22m function initialized (http://127.0.0.1:5001/mef-inversiones/us-central1/mefProxy)."}}
[debug] [2026-06-21T16:21:01.332Z] Could not find VSCode notification endpoint: FetchError: request to http://localhost:40001/vscode/notify failed, reason: . If you are not running the Firebase SQL Connect VSCode extension, this is expected and not an issue.
[info] 
┌─────────────────────────────────────────────────────────────┐
│ ✔  All emulators ready! It is now safe to connect your app. │
│ i  View Emulator UI at http://127.0.0.1:4000/               │
└─────────────────────────────────────────────────────────────┘

┌───────────┬────────────────┬─────────────────────────────────┐
│ Emulator  │ Host:Port      │ View in Emulator UI             │
├───────────┼────────────────┼─────────────────────────────────┤
│ Functions │ 127.0.0.1:5001 │ http://127.0.0.1:4000/functions │
└───────────┴────────────────┴─────────────────────────────────┘
  Emulator Hub host: 127.0.0.1 port: 4400
  Other reserved ports: 4500

Issues? Report them at https://github.com/firebase/firebase-tools/issues and attach the *-debug.log files.
 
[debug] [2026-06-21T16:21:01.836Z] [work-queue] {"queuedWork":["/mef-inversiones/us-central1/mefProxy-2026-06-21T16:21:01.835Z"],"queueLength":1,"runningWork":[],"workRunningCount":0}
[debug] [2026-06-21T16:21:01.837Z] [work-queue] {"queuedWork":[],"queueLength":0,"runningWork":["/mef-inversiones/us-central1/mefProxy-2026-06-21T16:21:01.835Z"],"workRunningCount":1}
[debug] [2026-06-21T16:21:01.838Z] Accepted request GET /mef-inversiones/us-central1/mefProxy?limit=9 --> us-central1-mefProxy
[debug] [2026-06-21T16:21:01.841Z] [functions] Runtime ready! Sending request! {"metadata":{"emulator":{"name":"functions"},"message":"[functions] Runtime ready! Sending request!"}}
[debug] [2026-06-21T16:21:01.843Z] [functions] Got req.url=/mef-inversiones/us-central1/mefProxy?limit=9, mapping to path=/?limit=9 {"metadata":{"emulator":{"name":"functions"},"message":"[functions] Got req.url=/mef-inversiones/us-central1/mefProxy?limit=9, mapping to path=/?limit=9"}}
[debug] [2026-06-21T16:21:01.877Z] [worker-pool] addWorker(us-central1-mefProxy) {"metadata":{"emulator":{"name":"functions"},"message":"[worker-pool] addWorker(us-central1-mefProxy)"}}
[debug] [2026-06-21T16:21:01.879Z] [worker-pool] Adding worker with key us-central1-mefProxy, total=1 {"metadata":{"emulator":{"name":"functions"},"message":"[worker-pool] Adding worker with key us-central1-mefProxy, total=1"}}
[debug] [2026-06-21T16:21:03.584Z] [runtime-status] [8696] Resolved module firebase-admin {"declared":true,"installed":true,"version":"13.10.0","resolution":"D:\\programas\\reto-tecnico-expediente-check\\functions\\node_modules\\firebase-admin\\lib\\index.js"} {"metadata":{"emulator":{"name":"functions"},"function":{"name":"us-central1-mefProxy"},"extension":{},"message":"[runtime-status] [8696] Resolved module firebase-admin {\"declared\":true,\"installed\":true,\"version\":\"13.10.0\",\"resolution\":\"D:\\\\programas\\\\reto-tecnico-expediente-check\\\\functions\\\\node_modules\\\\firebase-admin\\\\lib\\\\index.js\"}"}}
[debug] [2026-06-21T16:21:03.586Z] [runtime-status] [8696] Resolved module firebase-functions {"declared":true,"installed":true,"version":"7.2.5","resolution":"D:\\programas\\reto-tecnico-expediente-check\\functions\\node_modules\\firebase-functions\\lib\\v2\\index.js"} {"metadata":{"emulator":{"name":"functions"},"function":{"name":"us-central1-mefProxy"},"extension":{},"message":"[runtime-status] [8696] Resolved module firebase-functions {\"declared\":true,\"installed\":true,\"version\":\"7.2.5\",\"resolution\":\"D:\\\\programas\\\\reto-tecnico-expediente-check\\\\functions\\\\node_modules\\\\firebase-functions\\\\lib\\\\v2\\\\index.js\"}"}}
[debug] [2026-06-21T16:21:03.586Z] [runtime-status] [8696] Outgoing network have been stubbed. [{"name":"http","status":"mocked"},{"name":"http","status":"mocked"},{"name":"https","status":"mocked"},{"name":"https","status":"mocked"},{"name":"net","status":"mocked"}] {"metadata":{"emulator":{"name":"functions"},"function":{"name":"us-central1-mefProxy"},"extension":{},"message":"[runtime-status] [8696] Outgoing network have been stubbed. [{\"name\":\"http\",\"status\":\"mocked\"},{\"name\":\"http\",\"status\":\"mocked\"},{\"name\":\"https\",\"status\":\"mocked\"},{\"name\":\"https\",\"status\":\"mocked\"},{\"name\":\"net\",\"status\":\"mocked\"}]"}}
[debug] [2026-06-21T16:21:03.587Z] [runtime-status] [8696] Resolved module firebase-functions {"declared":true,"installed":true,"version":"7.2.5","resolution":"D:\\programas\\reto-tecnico-expediente-check\\functions\\node_modules\\firebase-functions\\lib\\v2\\index.js"} {"metadata":{"emulator":{"name":"functions"},"function":{"name":"us-central1-mefProxy"},"extension":{},"message":"[runtime-status] [8696] Resolved module firebase-functions {\"declared\":true,\"installed\":true,\"version\":\"7.2.5\",\"resolution\":\"D:\\\\programas\\\\reto-tecnico-expediente-check\\\\functions\\\\node_modules\\\\firebase-functions\\\\lib\\\\v2\\\\index.js\"}"}}
[debug] [2026-06-21T16:21:03.588Z] [runtime-status] [8696] Detected firebase-functions v7+, skipping legacy stubs. {"metadata":{"emulator":{"name":"functions"},"function":{"name":"us-central1-mefProxy"},"extension":{},"message":"[runtime-status] [8696] Detected firebase-functions v7+, skipping legacy stubs."}}
[debug] [2026-06-21T16:21:03.588Z] [runtime-status] [8696] Resolved module firebase-admin {"declared":true,"installed":true,"version":"13.10.0","resolution":"D:\\programas\\reto-tecnico-expediente-check\\functions\\node_modules\\firebase-admin\\lib\\index.js"} {"metadata":{"emulator":{"name":"functions"},"function":{"name":"us-central1-mefProxy"},"extension":{},"message":"[runtime-status] [8696] Resolved module firebase-admin {\"declared\":true,\"installed\":true,\"version\":\"13.10.0\",\"resolution\":\"D:\\\\programas\\\\reto-tecnico-expediente-check\\\\functions\\\\node_modules\\\\firebase-admin\\\\lib\\\\index.js\"}"}}
[debug] [2026-06-21T16:21:03.653Z] [runtime-status] [8696] Resolved module firebase-functions {"declared":true,"installed":true,"version":"7.2.5","resolution":"D:\\programas\\reto-tecnico-expediente-check\\functions\\node_modules\\firebase-functions\\lib\\v2\\index.js"} {"metadata":{"emulator":{"name":"functions"},"function":{"name":"us-central1-mefProxy"},"extension":{},"message":"[runtime-status] [8696] Resolved module firebase-functions {\"declared\":true,\"installed\":true,\"version\":\"7.2.5\",\"resolution\":\"D:\\\\programas\\\\reto-tecnico-expediente-check\\\\functions\\\\node_modules\\\\firebase-functions\\\\lib\\\\v2\\\\index.js\"}"}}
[debug] [2026-06-21T16:21:03.923Z] [runtime-status] [8696] firebase-admin has been stubbed. {"adminResolution":{"declared":true,"installed":true,"version":"13.10.0","resolution":"D:\\programas\\reto-tecnico-expediente-check\\functions\\node_modules\\firebase-admin\\lib\\index.js"}} {"metadata":{"emulator":{"name":"functions"},"function":{"name":"us-central1-mefProxy"},"extension":{},"message":"[runtime-status] [8696] firebase-admin has been stubbed. {\"adminResolution\":{\"declared\":true,\"installed\":true,\"version\":\"13.10.0\",\"resolution\":\"D:\\\\programas\\\\reto-tecnico-expediente-check\\\\functions\\\\node_modules\\\\firebase-admin\\\\lib\\\\index.js\"}}"}}
[debug] [2026-06-21T16:21:03.930Z] [runtime-status] [8696] Functions runtime initialized. {"cwd":"D:\\programas\\reto-tecnico-expediente-check\\functions","node_version":"24.14.0"} {"metadata":{"emulator":{"name":"functions"},"function":{"name":"us-central1-mefProxy"},"extension":{},"message":"[runtime-status] [8696] Functions runtime initialized. {\"cwd\":\"D:\\\\programas\\\\reto-tecnico-expediente-check\\\\functions\",\"node_version\":\"24.14.0\"}"}}
[debug] [2026-06-21T16:21:03.930Z] [runtime-status] [8696] Listening to port: \\?\pipe\fire_emu_472c85a25c94c890 {"metadata":{"emulator":{"name":"functions"},"function":{"name":"us-central1-mefProxy"},"extension":{},"message":"[runtime-status] [8696] Listening to port: \\\\?\\pipe\\fire_emu_472c85a25c94c890"}}
[debug] [2026-06-21T16:21:03.971Z] [worker-us-central1-mefProxy-ebd4b8ac-b292-484f-9d9b-2c6468e2bfe5]: IDLE {"metadata":{"emulator":{"name":"functions"},"function":{"name":"us-central1-mefProxy"},"extension":{},"message":"[worker-us-central1-mefProxy-ebd4b8ac-b292-484f-9d9b-2c6468e2bfe5]: IDLE"}}
[debug] [2026-06-21T16:21:03.971Z] [worker-pool] submitRequest(triggerId=us-central1-mefProxy) {"metadata":{"emulator":{"name":"functions"},"message":"[worker-pool] submitRequest(triggerId=us-central1-mefProxy)"}}
[info] i  functions: Beginning execution of "us-central1-mefProxy" {"metadata":{"emulator":{"name":"functions"},"function":{"name":"us-central1-mefProxy"},"extension":{},"message":"Beginning execution of \"us-central1-mefProxy\""}}
[debug] [2026-06-21T16:21:03.972Z] [worker-us-central1-mefProxy-ebd4b8ac-b292-484f-9d9b-2c6468e2bfe5]: BUSY {"metadata":{"emulator":{"name":"functions"},"function":{"name":"us-central1-mefProxy"},"extension":{},"message":"[worker-us-central1-mefProxy-ebd4b8ac-b292-484f-9d9b-2c6468e2bfe5]: BUSY"}}
[info] >  {"targetUrl":"https://api.datosabiertos.mef.gob.pe/DatosAbiertos/v1/datastore_search?resource_id=f9cc4ba0-931a-4b70-86c9-eacbd8c68596&limit=9","severity":"INFO","message":"Consultando API MEF"} {"user":{"targetUrl":"https://api.datosabiertos.mef.gob.pe/DatosAbiertos/v1/datastore_search?resource_id=f9cc4ba0-931a-4b70-86c9-eacbd8c68596&limit=9","severity":"INFO","message":"Consultando API MEF"},"metadata":{"emulator":{"name":"functions"},"function":{"name":"us-central1-mefProxy"},"extension":{},"message":"\u001b[90m> \u001b[39m {\"targetUrl\":\"https://api.datosabiertos.mef.gob.pe/DatosAbiertos/v1/datastore_search?resource_id=f9cc4ba0-931a-4b70-86c9-eacbd8c68596&limit=9\",\"severity\":\"INFO\",\"message\":\"Consultando API MEF\"}"}}
[debug] [2026-06-21T16:21:05.181Z] Finishing up request with event=pause {"metadata":{"emulator":{"name":"functions"},"function":{"name":"us-central1-mefProxy"},"extension":{},"message":"Finishing up request with event=pause"}}
[info] i  functions: Finished "us-central1-mefProxy" in 1209.2651ms {"metadata":{"emulator":{"name":"functions"},"function":{"name":"us-central1-mefProxy"},"extension":{},"message":"Finished \"us-central1-mefProxy\" in 1209.2651ms"}}
[debug] [2026-06-21T16:21:05.181Z] [worker-us-central1-mefProxy-ebd4b8ac-b292-484f-9d9b-2c6468e2bfe5]: IDLE {"metadata":{"emulator":{"name":"functions"},"function":{"name":"us-central1-mefProxy"},"extension":{},"message":"[worker-us-central1-mefProxy-ebd4b8ac-b292-484f-9d9b-2c6468e2bfe5]: IDLE"}}
[debug] [2026-06-21T16:21:05.183Z] Finishing up request with event=finish {"metadata":{"emulator":{"name":"functions"},"function":{"name":"us-central1-mefProxy"},"extension":{},"message":"Finishing up request with event=finish"}}
[debug] [2026-06-21T16:21:05.183Z] Finishing up request with event=close {"metadata":{"emulator":{"name":"functions"},"function":{"name":"us-central1-mefProxy"},"extension":{},"message":"Finishing up request with event=close"}}
[debug] [2026-06-21T16:21:05.184Z] [work-queue] {"queuedWork":[],"queueLength":0,"runningWork":[],"workRunningCount":0}
[debug] [2026-06-21T16:21:05.186Z] [work-queue] {"queuedWork":["/mef-inversiones/us-central1/mefProxy-2026-06-21T16:21:05.186Z"],"queueLength":1,"runningWork":[],"workRunningCount":0}
[debug] [2026-06-21T16:21:05.186Z] [work-queue] {"queuedWork":[],"queueLength":0,"runningWork":["/mef-inversiones/us-central1/mefProxy-2026-06-21T16:21:05.186Z"],"workRunningCount":1}
[debug] [2026-06-21T16:21:05.186Z] Accepted request GET /mef-inversiones/us-central1/mefProxy?limit=9 --> us-central1-mefProxy
[debug] [2026-06-21T16:21:05.187Z] [functions] Runtime ready! Sending request! {"metadata":{"emulator":{"name":"functions"},"message":"[functions] Runtime ready! Sending request!"}}
[debug] [2026-06-21T16:21:05.188Z] [functions] Got req.url=/mef-inversiones/us-central1/mefProxy?limit=9, mapping to path=/?limit=9 {"metadata":{"emulator":{"name":"functions"},"message":"[functions] Got req.url=/mef-inversiones/us-central1/mefProxy?limit=9, mapping to path=/?limit=9"}}
[debug] [2026-06-21T16:21:05.188Z] [worker-pool] submitRequest(triggerId=us-central1-mefProxy) {"metadata":{"emulator":{"name":"functions"},"message":"[worker-pool] submitRequest(triggerId=us-central1-mefProxy)"}}
[info] i  functions: Beginning execution of "us-central1-mefProxy" {"metadata":{"emulator":{"name":"functions"},"function":{"name":"us-central1-mefProxy"},"extension":{},"message":"Beginning execution of \"us-central1-mefProxy\""}}
[debug] [2026-06-21T16:21:05.188Z] [worker-us-central1-mefProxy-ebd4b8ac-b292-484f-9d9b-2c6468e2bfe5]: BUSY {"metadata":{"emulator":{"name":"functions"},"function":{"name":"us-central1-mefProxy"},"extension":{},"message":"[worker-us-central1-mefProxy-ebd4b8ac-b292-484f-9d9b-2c6468e2bfe5]: BUSY"}}
[info] >  {"targetUrl":"https://api.datosabiertos.mef.gob.pe/DatosAbiertos/v1/datastore_search?resource_id=f9cc4ba0-931a-4b70-86c9-eacbd8c68596&limit=9","severity":"INFO","message":"Consultando API MEF"} {"user":{"targetUrl":"https://api.datosabiertos.mef.gob.pe/DatosAbiertos/v1/datastore_search?resource_id=f9cc4ba0-931a-4b70-86c9-eacbd8c68596&limit=9","severity":"INFO","message":"Consultando API MEF"},"metadata":{"emulator":{"name":"functions"},"function":{"name":"us-central1-mefProxy"},"extension":{},"message":"\u001b[90m> \u001b[39m {\"targetUrl\":\"https://api.datosabiertos.mef.gob.pe/DatosAbiertos/v1/datastore_search?resource_id=f9cc4ba0-931a-4b70-86c9-eacbd8c68596&limit=9\",\"severity\":\"INFO\",\"message\":\"Consultando API MEF\"}"}}
[debug] [2026-06-21T16:21:05.496Z] Finishing up request with event=pause {"metadata":{"emulator":{"name":"functions"},"function":{"name":"us-central1-mefProxy"},"extension":{},"message":"Finishing up request with event=pause"}}
[info] i  functions: Finished "us-central1-mefProxy" in 307.6591ms {"metadata":{"emulator":{"name":"functions"},"function":{"name":"us-central1-mefProxy"},"extension":{},"message":"Finished \"us-central1-mefProxy\" in 307.6591ms"}}
[debug] [2026-06-21T16:21:05.496Z] [worker-us-central1-mefProxy-ebd4b8ac-b292-484f-9d9b-2c6468e2bfe5]: IDLE {"metadata":{"emulator":{"name":"functions"},"function":{"name":"us-central1-mefProxy"},"extension":{},"message":"[worker-us-central1-mefProxy-ebd4b8ac-b292-484f-9d9b-2c6468e2bfe5]: IDLE"}}
[debug] [2026-06-21T16:21:05.497Z] Finishing up request with event=finish {"metadata":{"emulator":{"name":"functions"},"function":{"name":"us-central1-mefProxy"},"extension":{},"message":"Finishing up request with event=finish"}}
[debug] [2026-06-21T16:21:05.497Z] Finishing up request with event=close {"metadata":{"emulator":{"name":"functions"},"function":{"name":"us-central1-mefProxy"},"extension":{},"message":"Finishing up request with event=close"}}
[debug] [2026-06-21T16:21:05.497Z] [work-queue] {"queuedWork":[],"queueLength":0,"runningWork":[],"workRunningCount":0}
[debug] [2026-06-21T16:29:00.495Z] [work-queue] {"queuedWork":["/mef-inversiones/us-central1/mefProxy-2026-06-21T16:29:00.494Z"],"queueLength":1,"runningWork":[],"workRunningCount":0}
[debug] [2026-06-21T16:29:00.495Z] [work-queue] {"queuedWork":[],"queueLength":0,"runningWork":["/mef-inversiones/us-central1/mefProxy-2026-06-21T16:29:00.494Z"],"workRunningCount":1}
[debug] [2026-06-21T16:29:00.495Z] Accepted request GET /mef-inversiones/us-central1/mefProxy?limit=9&q= --> us-central1-mefProxy
[debug] [2026-06-21T16:29:00.500Z] [functions] Runtime ready! Sending request! {"metadata":{"emulator":{"name":"functions"},"message":"[functions] Runtime ready! Sending request!"}}
[debug] [2026-06-21T16:29:00.500Z] [functions] Got req.url=/mef-inversiones/us-central1/mefProxy?limit=9&q=, mapping to path=/?limit=9&q= {"metadata":{"emulator":{"name":"functions"},"message":"[functions] Got req.url=/mef-inversiones/us-central1/mefProxy?limit=9&q=, mapping to path=/?limit=9&q="}}
[debug] [2026-06-21T16:29:00.500Z] [worker-pool] submitRequest(triggerId=us-central1-mefProxy) {"metadata":{"emulator":{"name":"functions"},"message":"[worker-pool] submitRequest(triggerId=us-central1-mefProxy)"}}
[info] i  functions: Beginning execution of "us-central1-mefProxy" {"metadata":{"emulator":{"name":"functions"},"function":{"name":"us-central1-mefProxy"},"extension":{},"message":"Beginning execution of \"us-central1-mefProxy\""}}
[debug] [2026-06-21T16:29:00.502Z] [worker-us-central1-mefProxy-ebd4b8ac-b292-484f-9d9b-2c6468e2bfe5]: BUSY {"metadata":{"emulator":{"name":"functions"},"function":{"name":"us-central1-mefProxy"},"extension":{},"message":"[worker-us-central1-mefProxy-ebd4b8ac-b292-484f-9d9b-2c6468e2bfe5]: BUSY"}}
[info] >  {"targetUrl":"https://api.datosabiertos.mef.gob.pe/DatosAbiertos/v1/datastore_search?resource_id=f9cc4ba0-931a-4b70-86c9-eacbd8c68596&limit=9","severity":"INFO","message":"Consultando API MEF"} {"user":{"targetUrl":"https://api.datosabiertos.mef.gob.pe/DatosAbiertos/v1/datastore_search?resource_id=f9cc4ba0-931a-4b70-86c9-eacbd8c68596&limit=9","severity":"INFO","message":"Consultando API MEF"},"metadata":{"emulator":{"name":"functions"},"function":{"name":"us-central1-mefProxy"},"extension":{},"message":"\u001b[90m> \u001b[39m {\"targetUrl\":\"https://api.datosabiertos.mef.gob.pe/DatosAbiertos/v1/datastore_search?resource_id=f9cc4ba0-931a-4b70-86c9-eacbd8c68596&limit=9\",\"severity\":\"INFO\",\"message\":\"Consultando API MEF\"}"}}
[debug] [2026-06-21T16:29:02.309Z] Finishing up request with event=pause {"metadata":{"emulator":{"name":"functions"},"function":{"name":"us-central1-mefProxy"},"extension":{},"message":"Finishing up request with event=pause"}}
[info] i  functions: Finished "us-central1-mefProxy" in 1808.0248000000001ms {"metadata":{"emulator":{"name":"functions"},"function":{"name":"us-central1-mefProxy"},"extension":{},"message":"Finished \"us-central1-mefProxy\" in 1808.0248000000001ms"}}
[debug] [2026-06-21T16:29:02.310Z] [worker-us-central1-mefProxy-ebd4b8ac-b292-484f-9d9b-2c6468e2bfe5]: IDLE {"metadata":{"emulator":{"name":"functions"},"function":{"name":"us-central1-mefProxy"},"extension":{},"message":"[worker-us-central1-mefProxy-ebd4b8ac-b292-484f-9d9b-2c6468e2bfe5]: IDLE"}}
[debug] [2026-06-21T16:29:02.312Z] Finishing up request with event=finish {"metadata":{"emulator":{"name":"functions"},"function":{"name":"us-central1-mefProxy"},"extension":{},"message":"Finishing up request with event=finish"}}
[debug] [2026-06-21T16:29:02.312Z] Finishing up request with event=close {"metadata":{"emulator":{"name":"functions"},"function":{"name":"us-central1-mefProxy"},"extension":{},"message":"Finishing up request with event=close"}}
[debug] [2026-06-21T16:29:02.312Z] [work-queue] {"queuedWork":[],"queueLength":0,"runningWork":[],"workRunningCount":0}
[debug] [2026-06-21T16:29:02.318Z] [work-queue] {"queuedWork":["/mef-inversiones/us-central1/mefProxy-2026-06-21T16:29:02.318Z"],"queueLength":1,"runningWork":[],"workRunningCount":0}
[debug] [2026-06-21T16:29:02.318Z] [work-queue] {"queuedWork":[],"queueLength":0,"runningWork":["/mef-inversiones/us-central1/mefProxy-2026-06-21T16:29:02.318Z"],"workRunningCount":1}
[debug] [2026-06-21T16:29:02.319Z] Accepted request GET /mef-inversiones/us-central1/mefProxy?limit=9&q= --> us-central1-mefProxy
[debug] [2026-06-21T16:29:02.320Z] [functions] Runtime ready! Sending request! {"metadata":{"emulator":{"name":"functions"},"message":"[functions] Runtime ready! Sending request!"}}
[debug] [2026-06-21T16:29:02.320Z] [functions] Got req.url=/mef-inversiones/us-central1/mefProxy?limit=9&q=, mapping to path=/?limit=9&q= {"metadata":{"emulator":{"name":"functions"},"message":"[functions] Got req.url=/mef-inversiones/us-central1/mefProxy?limit=9&q=, mapping to path=/?limit=9&q="}}
[debug] [2026-06-21T16:29:02.321Z] [worker-pool] submitRequest(triggerId=us-central1-mefProxy) {"metadata":{"emulator":{"name":"functions"},"message":"[worker-pool] submitRequest(triggerId=us-central1-mefProxy)"}}
[info] i  functions: Beginning execution of "us-central1-mefProxy" {"metadata":{"emulator":{"name":"functions"},"function":{"name":"us-central1-mefProxy"},"extension":{},"message":"Beginning execution of \"us-central1-mefProxy\""}}
[debug] [2026-06-21T16:29:02.321Z] [worker-us-central1-mefProxy-ebd4b8ac-b292-484f-9d9b-2c6468e2bfe5]: BUSY {"metadata":{"emulator":{"name":"functions"},"function":{"name":"us-central1-mefProxy"},"extension":{},"message":"[worker-us-central1-mefProxy-ebd4b8ac-b292-484f-9d9b-2c6468e2bfe5]: BUSY"}}
[info] >  {"targetUrl":"https://api.datosabiertos.mef.gob.pe/DatosAbiertos/v1/datastore_search?resource_id=f9cc4ba0-931a-4b70-86c9-eacbd8c68596&limit=9","severity":"INFO","message":"Consultando API MEF"} {"user":{"targetUrl":"https://api.datosabiertos.mef.gob.pe/DatosAbiertos/v1/datastore_search?resource_id=f9cc4ba0-931a-4b70-86c9-eacbd8c68596&limit=9","severity":"INFO","message":"Consultando API MEF"},"metadata":{"emulator":{"name":"functions"},"function":{"name":"us-central1-mefProxy"},"extension":{},"message":"\u001b[90m> \u001b[39m {\"targetUrl\":\"https://api.datosabiertos.mef.gob.pe/DatosAbiertos/v1/datastore_search?resource_id=f9cc4ba0-931a-4b70-86c9-eacbd8c68596&limit=9\",\"severity\":\"INFO\",\"message\":\"Consultando API MEF\"}"}}
[debug] [2026-06-21T16:29:02.830Z] Finishing up request with event=pause {"metadata":{"emulator":{"name":"functions"},"function":{"name":"us-central1-mefProxy"},"extension":{},"message":"Finishing up request with event=pause"}}
[info] i  functions: Finished "us-central1-mefProxy" in 509.0048ms {"metadata":{"emulator":{"name":"functions"},"function":{"name":"us-central1-mefProxy"},"extension":{},"message":"Finished \"us-central1-mefProxy\" in 509.0048ms"}}
[debug] [2026-06-21T16:29:02.832Z] [worker-us-central1-mefProxy-ebd4b8ac-b292-484f-9d9b-2c6468e2bfe5]: IDLE {"metadata":{"emulator":{"name":"functions"},"function":{"name":"us-central1-mefProxy"},"extension":{},"message":"[worker-us-central1-mefProxy-ebd4b8ac-b292-484f-9d9b-2c6468e2bfe5]: IDLE"}}
[debug] [2026-06-21T16:29:02.833Z] Finishing up request with event=finish {"metadata":{"emulator":{"name":"functions"},"function":{"name":"us-central1-mefProxy"},"extension":{},"message":"Finishing up request with event=finish"}}
[debug] [2026-06-21T16:29:02.834Z] Finishing up request with event=close {"metadata":{"emulator":{"name":"functions"},"function":{"name":"us-central1-mefProxy"},"extension":{},"message":"Finishing up request with event=close"}}
[debug] [2026-06-21T16:29:02.835Z] [work-queue] {"queuedWork":[],"queueLength":0,"runningWork":[],"workRunningCount":0}
[debug] [2026-06-21T16:29:51.103Z] [work-queue] {"queuedWork":["/mef-inversiones/us-central1/mefProxy-2026-06-21T16:29:51.103Z"],"queueLength":1,"runningWork":[],"workRunningCount":0}
[debug] [2026-06-21T16:29:51.103Z] [work-queue] {"queuedWork":[],"queueLength":0,"runningWork":["/mef-inversiones/us-central1/mefProxy-2026-06-21T16:29:51.103Z"],"workRunningCount":1}
[debug] [2026-06-21T16:29:51.104Z] Accepted request GET /mef-inversiones/us-central1/mefProxy?limit=9&q= --> us-central1-mefProxy
[debug] [2026-06-21T16:29:51.106Z] [functions] Runtime ready! Sending request! {"metadata":{"emulator":{"name":"functions"},"message":"[functions] Runtime ready! Sending request!"}}
[debug] [2026-06-21T16:29:51.107Z] [functions] Got req.url=/mef-inversiones/us-central1/mefProxy?limit=9&q=, mapping to path=/?limit=9&q= {"metadata":{"emulator":{"name":"functions"},"message":"[functions] Got req.url=/mef-inversiones/us-central1/mefProxy?limit=9&q=, mapping to path=/?limit=9&q="}}
[debug] [2026-06-21T16:29:51.107Z] [worker-pool] submitRequest(triggerId=us-central1-mefProxy) {"metadata":{"emulator":{"name":"functions"},"message":"[worker-pool] submitRequest(triggerId=us-central1-mefProxy)"}}
[info] i  functions: Beginning execution of "us-central1-mefProxy" {"metadata":{"emulator":{"name":"functions"},"function":{"name":"us-central1-mefProxy"},"extension":{},"message":"Beginning execution of \"us-central1-mefProxy\""}}
[debug] [2026-06-21T16:29:51.107Z] [worker-us-central1-mefProxy-ebd4b8ac-b292-484f-9d9b-2c6468e2bfe5]: BUSY {"metadata":{"emulator":{"name":"functions"},"function":{"name":"us-central1-mefProxy"},"extension":{},"message":"[worker-us-central1-mefProxy-ebd4b8ac-b292-484f-9d9b-2c6468e2bfe5]: BUSY"}}
[info] >  {"targetUrl":"https://api.datosabiertos.mef.gob.pe/DatosAbiertos/v1/datastore_search?resource_id=f9cc4ba0-931a-4b70-86c9-eacbd8c68596&limit=9","severity":"INFO","message":"Consultando API MEF"} {"user":{"targetUrl":"https://api.datosabiertos.mef.gob.pe/DatosAbiertos/v1/datastore_search?resource_id=f9cc4ba0-931a-4b70-86c9-eacbd8c68596&limit=9","severity":"INFO","message":"Consultando API MEF"},"metadata":{"emulator":{"name":"functions"},"function":{"name":"us-central1-mefProxy"},"extension":{},"message":"\u001b[90m> \u001b[39m {\"targetUrl\":\"https://api.datosabiertos.mef.gob.pe/DatosAbiertos/v1/datastore_search?resource_id=f9cc4ba0-931a-4b70-86c9-eacbd8c68596&limit=9\",\"severity\":\"INFO\",\"message\":\"Consultando API MEF\"}"}}
[debug] [2026-06-21T16:29:52.674Z] Finishing up request with event=pause {"metadata":{"emulator":{"name":"functions"},"function":{"name":"us-central1-mefProxy"},"extension":{},"message":"Finishing up request with event=pause"}}
[info] i  functions: Finished "us-central1-mefProxy" in 1567.1207ms {"metadata":{"emulator":{"name":"functions"},"function":{"name":"us-central1-mefProxy"},"extension":{},"message":"Finished \"us-central1-mefProxy\" in 1567.1207ms"}}
[debug] [2026-06-21T16:29:52.675Z] [worker-us-central1-mefProxy-ebd4b8ac-b292-484f-9d9b-2c6468e2bfe5]: IDLE {"metadata":{"emulator":{"name":"functions"},"function":{"name":"us-central1-mefProxy"},"extension":{},"message":"[worker-us-central1-mefProxy-ebd4b8ac-b292-484f-9d9b-2c6468e2bfe5]: IDLE"}}
[debug] [2026-06-21T16:29:52.675Z] Finishing up request with event=finish {"metadata":{"emulator":{"name":"functions"},"function":{"name":"us-central1-mefProxy"},"extension":{},"message":"Finishing up request with event=finish"}}
[debug] [2026-06-21T16:29:52.675Z] Finishing up request with event=close {"metadata":{"emulator":{"name":"functions"},"function":{"name":"us-central1-mefProxy"},"extension":{},"message":"Finishing up request with event=close"}}
[debug] [2026-06-21T16:29:52.675Z] [work-queue] {"queuedWork":[],"queueLength":0,"runningWork":[],"workRunningCount":0}
[debug] [2026-06-21T16:29:52.678Z] [work-queue] {"queuedWork":["/mef-inversiones/us-central1/mefProxy-2026-06-21T16:29:52.678Z"],"queueLength":1,"runningWork":[],"workRunningCount":0}
[debug] [2026-06-21T16:29:52.678Z] [work-queue] {"queuedWork":[],"queueLength":0,"runningWork":["/mef-inversiones/us-central1/mefProxy-2026-06-21T16:29:52.678Z"],"workRunningCount":1}
[debug] [2026-06-21T16:29:52.678Z] Accepted request GET /mef-inversiones/us-central1/mefProxy?limit=9&q= --> us-central1-mefProxy
[debug] [2026-06-21T16:29:52.679Z] [functions] Runtime ready! Sending request! {"metadata":{"emulator":{"name":"functions"},"message":"[functions] Runtime ready! Sending request!"}}
[debug] [2026-06-21T16:29:52.679Z] [functions] Got req.url=/mef-inversiones/us-central1/mefProxy?limit=9&q=, mapping to path=/?limit=9&q= {"metadata":{"emulator":{"name":"functions"},"message":"[functions] Got req.url=/mef-inversiones/us-central1/mefProxy?limit=9&q=, mapping to path=/?limit=9&q="}}
[debug] [2026-06-21T16:29:52.679Z] [worker-pool] submitRequest(triggerId=us-central1-mefProxy) {"metadata":{"emulator":{"name":"functions"},"message":"[worker-pool] submitRequest(triggerId=us-central1-mefProxy)"}}
[info] i  functions: Beginning execution of "us-central1-mefProxy" {"metadata":{"emulator":{"name":"functions"},"function":{"name":"us-central1-mefProxy"},"extension":{},"message":"Beginning execution of \"us-central1-mefProxy\""}}
[debug] [2026-06-21T16:29:52.679Z] [worker-us-central1-mefProxy-ebd4b8ac-b292-484f-9d9b-2c6468e2bfe5]: BUSY {"metadata":{"emulator":{"name":"functions"},"function":{"name":"us-central1-mefProxy"},"extension":{},"message":"[worker-us-central1-mefProxy-ebd4b8ac-b292-484f-9d9b-2c6468e2bfe5]: BUSY"}}
[info] >  {"targetUrl":"https://api.datosabiertos.mef.gob.pe/DatosAbiertos/v1/datastore_search?resource_id=f9cc4ba0-931a-4b70-86c9-eacbd8c68596&limit=9","severity":"INFO","message":"Consultando API MEF"} {"user":{"targetUrl":"https://api.datosabiertos.mef.gob.pe/DatosAbiertos/v1/datastore_search?resource_id=f9cc4ba0-931a-4b70-86c9-eacbd8c68596&limit=9","severity":"INFO","message":"Consultando API MEF"},"metadata":{"emulator":{"name":"functions"},"function":{"name":"us-central1-mefProxy"},"extension":{},"message":"\u001b[90m> \u001b[39m {\"targetUrl\":\"https://api.datosabiertos.mef.gob.pe/DatosAbiertos/v1/datastore_search?resource_id=f9cc4ba0-931a-4b70-86c9-eacbd8c68596&limit=9\",\"severity\":\"INFO\",\"message\":\"Consultando API MEF\"}"}}
[debug] [2026-06-21T16:29:53.108Z] Finishing up request with event=pause {"metadata":{"emulator":{"name":"functions"},"function":{"name":"us-central1-mefProxy"},"extension":{},"message":"Finishing up request with event=pause"}}
[info] i  functions: Finished "us-central1-mefProxy" in 428.8184ms {"metadata":{"emulator":{"name":"functions"},"function":{"name":"us-central1-mefProxy"},"extension":{},"message":"Finished \"us-central1-mefProxy\" in 428.8184ms"}}
[debug] [2026-06-21T16:29:53.109Z] [worker-us-central1-mefProxy-ebd4b8ac-b292-484f-9d9b-2c6468e2bfe5]: IDLE {"metadata":{"emulator":{"name":"functions"},"function":{"name":"us-central1-mefProxy"},"extension":{},"message":"[worker-us-central1-mefProxy-ebd4b8ac-b292-484f-9d9b-2c6468e2bfe5]: IDLE"}}
[debug] [2026-06-21T16:29:53.109Z] Finishing up request with event=finish {"metadata":{"emulator":{"name":"functions"},"function":{"name":"us-central1-mefProxy"},"extension":{},"message":"Finishing up request with event=finish"}}
[debug] [2026-06-21T16:29:53.109Z] Finishing up request with event=close {"metadata":{"emulator":{"name":"functions"},"function":{"name":"us-central1-mefProxy"},"extension":{},"message":"Finishing up request with event=close"}}
[debug] [2026-06-21T16:29:53.110Z] [work-queue] {"queuedWork":[],"queueLength":0,"runningWork":[],"workRunningCount":0}
[debug] [2026-06-21T16:30:12.264Z] [work-queue] {"queuedWork":["/mef-inversiones/us-central1/mefProxy-2026-06-21T16:30:12.264Z"],"queueLength":1,"runningWork":[],"workRunningCount":0}
[debug] [2026-06-21T16:30:12.264Z] [work-queue] {"queuedWork":[],"queueLength":0,"runningWork":["/mef-inversiones/us-central1/mefProxy-2026-06-21T16:30:12.264Z"],"workRunningCount":1}
[debug] [2026-06-21T16:30:12.264Z] Accepted request GET /mef-inversiones/us-central1/mefProxy?limit=9&q=creacion%20de%20casa%20multiuso%20en%20el%20centro%20poblado%20de%20pampamarca --> us-central1-mefProxy
[debug] [2026-06-21T16:30:12.267Z] [functions] Runtime ready! Sending request! {"metadata":{"emulator":{"name":"functions"},"message":"[functions] Runtime ready! Sending request!"}}
[debug] [2026-06-21T16:30:12.267Z] [functions] Got req.url=/mef-inversiones/us-central1/mefProxy?limit=9&q=creacion%20de%20casa%20multiuso%20en%20el%20centro%20poblado%20de%20pampamarca, mapping to path=/?limit=9&q=creacion%20de%20casa%20multiuso%20en%20el%20centro%20poblado%20de%20pampamarca {"metadata":{"emulator":{"name":"functions"},"message":"[functions] Got req.url=/mef-inversiones/us-central1/mefProxy?limit=9&q=creacion%20de%20casa%20multiuso%20en%20el%20centro%20poblado%20de%20pampamarca, mapping to path=/?limit=9&q=creacion%20de%20casa%20multiuso%20en%20el%20centro%20poblado%20de%20pampamarca"}}
[debug] [2026-06-21T16:30:12.267Z] [worker-pool] submitRequest(triggerId=us-central1-mefProxy) {"metadata":{"emulator":{"name":"functions"},"message":"[worker-pool] submitRequest(triggerId=us-central1-mefProxy)"}}
[info] i  functions: Beginning execution of "us-central1-mefProxy" {"metadata":{"emulator":{"name":"functions"},"function":{"name":"us-central1-mefProxy"},"extension":{},"message":"Beginning execution of \"us-central1-mefProxy\""}}
[debug] [2026-06-21T16:30:12.268Z] [worker-us-central1-mefProxy-ebd4b8ac-b292-484f-9d9b-2c6468e2bfe5]: BUSY {"metadata":{"emulator":{"name":"functions"},"function":{"name":"us-central1-mefProxy"},"extension":{},"message":"[worker-us-central1-mefProxy-ebd4b8ac-b292-484f-9d9b-2c6468e2bfe5]: BUSY"}}
[info] >  {"targetUrl":"https://api.datosabiertos.mef.gob.pe/DatosAbiertos/v1/datastore_search?resource_id=f9cc4ba0-931a-4b70-86c9-eacbd8c68596&limit=9&q=creacion+de+casa+multiuso+en+el+centro+poblado+de+pampamarca","severity":"INFO","message":"Consultando API MEF"} {"user":{"targetUrl":"https://api.datosabiertos.mef.gob.pe/DatosAbiertos/v1/datastore_search?resource_id=f9cc4ba0-931a-4b70-86c9-eacbd8c68596&limit=9&q=creacion+de+casa+multiuso+en+el+centro+poblado+de+pampamarca","severity":"INFO","message":"Consultando API MEF"},"metadata":{"emulator":{"name":"functions"},"function":{"name":"us-central1-mefProxy"},"extension":{},"message":"\u001b[90m> \u001b[39m {\"targetUrl\":\"https://api.datosabiertos.mef.gob.pe/DatosAbiertos/v1/datastore_search?resource_id=f9cc4ba0-931a-4b70-86c9-eacbd8c68596&limit=9&q=creacion+de+casa+multiuso+en+el+centro+poblado+de+pampamarca\",\"severity\":\"INFO\",\"message\":\"Consultando API MEF\"}"}}
[debug] [2026-06-21T16:30:14.056Z] Finishing up request with event=pause {"metadata":{"emulator":{"name":"functions"},"function":{"name":"us-central1-mefProxy"},"extension":{},"message":"Finishing up request with event=pause"}}
[info] i  functions: Finished "us-central1-mefProxy" in 1788.5055ms {"metadata":{"emulator":{"name":"functions"},"function":{"name":"us-central1-mefProxy"},"extension":{},"message":"Finished \"us-central1-mefProxy\" in 1788.5055ms"}}
[debug] [2026-06-21T16:30:14.057Z] [worker-us-central1-mefProxy-ebd4b8ac-b292-484f-9d9b-2c6468e2bfe5]: IDLE {"metadata":{"emulator":{"name":"functions"},"function":{"name":"us-central1-mefProxy"},"extension":{},"message":"[worker-us-central1-mefProxy-ebd4b8ac-b292-484f-9d9b-2c6468e2bfe5]: IDLE"}}
[debug] [2026-06-21T16:30:14.057Z] Finishing up request with event=finish {"metadata":{"emulator":{"name":"functions"},"function":{"name":"us-central1-mefProxy"},"extension":{},"message":"Finishing up request with event=finish"}}
[debug] [2026-06-21T16:30:14.057Z] Finishing up request with event=close {"metadata":{"emulator":{"name":"functions"},"function":{"name":"us-central1-mefProxy"},"extension":{},"message":"Finishing up request with event=close"}}
[debug] [2026-06-21T16:30:14.057Z] [work-queue] {"queuedWork":[],"queueLength":0,"runningWork":[],"workRunningCount":0}
[debug] [2026-06-21T16:30:41.231Z] [work-queue] {"queuedWork":["/mef-inversiones/us-central1/mefProxy-2026-06-21T16:30:41.231Z"],"queueLength":1,"runningWork":[],"workRunningCount":0}
[debug] [2026-06-21T16:30:41.232Z] [work-queue] {"queuedWork":[],"queueLength":0,"runningWork":["/mef-inversiones/us-central1/mefProxy-2026-06-21T16:30:41.231Z"],"workRunningCount":1}
[debug] [2026-06-21T16:30:41.232Z] Accepted request GET /mef-inversiones/us-central1/mefProxy?limit=9&q=Piura%20 --> us-central1-mefProxy
[debug] [2026-06-21T16:30:41.234Z] [functions] Runtime ready! Sending request! {"metadata":{"emulator":{"name":"functions"},"message":"[functions] Runtime ready! Sending request!"}}
[debug] [2026-06-21T16:30:41.235Z] [functions] Got req.url=/mef-inversiones/us-central1/mefProxy?limit=9&q=Piura%20, mapping to path=/?limit=9&q=Piura%20 {"metadata":{"emulator":{"name":"functions"},"message":"[functions] Got req.url=/mef-inversiones/us-central1/mefProxy?limit=9&q=Piura%20, mapping to path=/?limit=9&q=Piura%20"}}
[debug] [2026-06-21T16:30:41.235Z] [worker-pool] submitRequest(triggerId=us-central1-mefProxy) {"metadata":{"emulator":{"name":"functions"},"message":"[worker-pool] submitRequest(triggerId=us-central1-mefProxy)"}}
[info] i  functions: Beginning execution of "us-central1-mefProxy" {"metadata":{"emulator":{"name":"functions"},"function":{"name":"us-central1-mefProxy"},"extension":{},"message":"Beginning execution of \"us-central1-mefProxy\""}}
[debug] [2026-06-21T16:30:41.235Z] [worker-us-central1-mefProxy-ebd4b8ac-b292-484f-9d9b-2c6468e2bfe5]: BUSY {"metadata":{"emulator":{"name":"functions"},"function":{"name":"us-central1-mefProxy"},"extension":{},"message":"[worker-us-central1-mefProxy-ebd4b8ac-b292-484f-9d9b-2c6468e2bfe5]: BUSY"}}
[info] >  {"targetUrl":"https://api.datosabiertos.mef.gob.pe/DatosAbiertos/v1/datastore_search?resource_id=f9cc4ba0-931a-4b70-86c9-eacbd8c68596&limit=9&q=Piura+","severity":"INFO","message":"Consultando API MEF"} {"user":{"targetUrl":"https://api.datosabiertos.mef.gob.pe/DatosAbiertos/v1/datastore_search?resource_id=f9cc4ba0-931a-4b70-86c9-eacbd8c68596&limit=9&q=Piura+","severity":"INFO","message":"Consultando API MEF"},"metadata":{"emulator":{"name":"functions"},"function":{"name":"us-central1-mefProxy"},"extension":{},"message":"\u001b[90m> \u001b[39m {\"targetUrl\":\"https://api.datosabiertos.mef.gob.pe/DatosAbiertos/v1/datastore_search?resource_id=f9cc4ba0-931a-4b70-86c9-eacbd8c68596&limit=9&q=Piura+\",\"severity\":\"INFO\",\"message\":\"Consultando API MEF\"}"}}
[debug] [2026-06-21T16:30:42.641Z] Finishing up request with event=pause {"metadata":{"emulator":{"name":"functions"},"function":{"name":"us-central1-mefProxy"},"extension":{},"message":"Finishing up request with event=pause"}}
[info] i  functions: Finished "us-central1-mefProxy" in 1406.0676ms {"metadata":{"emulator":{"name":"functions"},"function":{"name":"us-central1-mefProxy"},"extension":{},"message":"Finished \"us-central1-mefProxy\" in 1406.0676ms"}}
[debug] [2026-06-21T16:30:42.642Z] [worker-us-central1-mefProxy-ebd4b8ac-b292-484f-9d9b-2c6468e2bfe5]: IDLE {"metadata":{"emulator":{"name":"functions"},"function":{"name":"us-central1-mefProxy"},"extension":{},"message":"[worker-us-central1-mefProxy-ebd4b8ac-b292-484f-9d9b-2c6468e2bfe5]: IDLE"}}
[debug] [2026-06-21T16:30:42.642Z] Finishing up request with event=finish {"metadata":{"emulator":{"name":"functions"},"function":{"name":"us-central1-mefProxy"},"extension":{},"message":"Finishing up request with event=finish"}}
[debug] [2026-06-21T16:30:42.642Z] Finishing up request with event=close {"metadata":{"emulator":{"name":"functions"},"function":{"name":"us-central1-mefProxy"},"extension":{},"message":"Finishing up request with event=close"}}
[debug] [2026-06-21T16:30:42.642Z] [work-queue] {"queuedWork":[],"queueLength":0,"runningWork":[],"workRunningCount":0}
[debug] [2026-06-21T16:31:17.676Z] [work-queue] {"queuedWork":["/mef-inversiones/us-central1/mefProxy-2026-06-21T16:31:17.676Z"],"queueLength":1,"runningWork":[],"workRunningCount":0}
[debug] [2026-06-21T16:31:17.676Z] [work-queue] {"queuedWork":[],"queueLength":0,"runningWork":["/mef-inversiones/us-central1/mefProxy-2026-06-21T16:31:17.676Z"],"workRunningCount":1}
[debug] [2026-06-21T16:31:17.677Z] Accepted request GET /mef-inversiones/us-central1/mefProxy?limit=9&q=INSTALACION%20DE%20MUROS%20DE%20CONTENCION%20EN%20LOS%20PASAJES%20LOS%20MILAGROS%20(MZ.%20D),%20SANTA%20ROSA --> us-central1-mefProxy
[debug] [2026-06-21T16:31:17.679Z] [functions] Runtime ready! Sending request! {"metadata":{"emulator":{"name":"functions"},"message":"[functions] Runtime ready! Sending request!"}}
[debug] [2026-06-21T16:31:17.680Z] [functions] Got req.url=/mef-inversiones/us-central1/mefProxy?limit=9&q=INSTALACION%20DE%20MUROS%20DE%20CONTENCION%20EN%20LOS%20PASAJES%20LOS%20MILAGROS%20(MZ.%20D),%20SANTA%20ROSA, mapping to path=/?limit=9&q=INSTALACION%20DE%20MUROS%20DE%20CONTENCION%20EN%20LOS%20PASAJES%20LOS%20MILAGROS%20(MZ.%20D),%20SANTA%20ROSA {"metadata":{"emulator":{"name":"functions"},"message":"[functions] Got req.url=/mef-inversiones/us-central1/mefProxy?limit=9&q=INSTALACION%20DE%20MUROS%20DE%20CONTENCION%20EN%20LOS%20PASAJES%20LOS%20MILAGROS%20(MZ.%20D),%20SANTA%20ROSA, mapping to path=/?limit=9&q=INSTALACION%20DE%20MUROS%20DE%20CONTENCION%20EN%20LOS%20PASAJES%20LOS%20MILAGROS%20(MZ.%20D),%20SANTA%20ROSA"}}
[debug] [2026-06-21T16:31:17.680Z] [worker-pool] submitRequest(triggerId=us-central1-mefProxy) {"metadata":{"emulator":{"name":"functions"},"message":"[worker-pool] submitRequest(triggerId=us-central1-mefProxy)"}}
[info] i  functions: Beginning execution of "us-central1-mefProxy" {"metadata":{"emulator":{"name":"functions"},"function":{"name":"us-central1-mefProxy"},"extension":{},"message":"Beginning execution of \"us-central1-mefProxy\""}}
[debug] [2026-06-21T16:31:17.681Z] [worker-us-central1-mefProxy-ebd4b8ac-b292-484f-9d9b-2c6468e2bfe5]: BUSY {"metadata":{"emulator":{"name":"functions"},"function":{"name":"us-central1-mefProxy"},"extension":{},"message":"[worker-us-central1-mefProxy-ebd4b8ac-b292-484f-9d9b-2c6468e2bfe5]: BUSY"}}
[info] >  {"targetUrl":"https://api.datosabiertos.mef.gob.pe/DatosAbiertos/v1/datastore_search?resource_id=f9cc4ba0-931a-4b70-86c9-eacbd8c68596&limit=9&q=INSTALACION+DE+MUROS+DE+CONTENCION+EN+LOS+PASAJES+LOS+MILAGROS+%28MZ.+D%29%2C+SANTA+ROSA","severity":"INFO","message":"Consultando API MEF"} {"user":{"targetUrl":"https://api.datosabiertos.mef.gob.pe/DatosAbiertos/v1/datastore_search?resource_id=f9cc4ba0-931a-4b70-86c9-eacbd8c68596&limit=9&q=INSTALACION+DE+MUROS+DE+CONTENCION+EN+LOS+PASAJES+LOS+MILAGROS+%28MZ.+D%29%2C+SANTA+ROSA","severity":"INFO","message":"Consultando API MEF"},"metadata":{"emulator":{"name":"functions"},"function":{"name":"us-central1-mefProxy"},"extension":{},"message":"\u001b[90m> \u001b[39m {\"targetUrl\":\"https://api.datosabiertos.mef.gob.pe/DatosAbiertos/v1/datastore_search?resource_id=f9cc4ba0-931a-4b70-86c9-eacbd8c68596&limit=9&q=INSTALACION+DE+MUROS+DE+CONTENCION+EN+LOS+PASAJES+LOS+MILAGROS+%28MZ.+D%29%2C+SANTA+ROSA\",\"severity\":\"INFO\",\"message\":\"Consultando API MEF\"}"}}
[debug] [2026-06-21T16:31:20.005Z] Finishing up request with event=pause {"metadata":{"emulator":{"name":"functions"},"function":{"name":"us-central1-mefProxy"},"extension":{},"message":"Finishing up request with event=pause"}}
[info] i  functions: Finished "us-central1-mefProxy" in 2324.6723ms {"metadata":{"emulator":{"name":"functions"},"function":{"name":"us-central1-mefProxy"},"extension":{},"message":"Finished \"us-central1-mefProxy\" in 2324.6723ms"}}
[debug] [2026-06-21T16:31:20.006Z] [worker-us-central1-mefProxy-ebd4b8ac-b292-484f-9d9b-2c6468e2bfe5]: IDLE {"metadata":{"emulator":{"name":"functions"},"function":{"name":"us-central1-mefProxy"},"extension":{},"message":"[worker-us-central1-mefProxy-ebd4b8ac-b292-484f-9d9b-2c6468e2bfe5]: IDLE"}}
[debug] [2026-06-21T16:31:20.006Z] Finishing up request with event=finish {"metadata":{"emulator":{"name":"functions"},"function":{"name":"us-central1-mefProxy"},"extension":{},"message":"Finishing up request with event=finish"}}
[debug] [2026-06-21T16:31:20.007Z] Finishing up request with event=close {"metadata":{"emulator":{"name":"functions"},"function":{"name":"us-central1-mefProxy"},"extension":{},"message":"Finishing up request with event=close"}}
[debug] [2026-06-21T16:31:20.007Z] [work-queue] {"queuedWork":[],"queueLength":0,"runningWork":[],"workRunningCount":0}
[debug] [2026-06-21T16:33:05.950Z] [work-queue] {"queuedWork":["/mef-inversiones/us-central1/mefProxy-2026-06-21T16:33:05.950Z"],"queueLength":1,"runningWork":[],"workRunningCount":0}
[debug] [2026-06-21T16:33:05.950Z] [work-queue] {"queuedWork":[],"queueLength":0,"runningWork":["/mef-inversiones/us-central1/mefProxy-2026-06-21T16:33:05.950Z"],"workRunningCount":1}
[debug] [2026-06-21T16:33:05.951Z] Accepted request GET /mef-inversiones/us-central1/mefProxy?limit=9&q= --> us-central1-mefProxy
[debug] [2026-06-21T16:33:05.953Z] [functions] Runtime ready! Sending request! {"metadata":{"emulator":{"name":"functions"},"message":"[functions] Runtime ready! Sending request!"}}
[debug] [2026-06-21T16:33:05.953Z] [functions] Got req.url=/mef-inversiones/us-central1/mefProxy?limit=9&q=, mapping to path=/?limit=9&q= {"metadata":{"emulator":{"name":"functions"},"message":"[functions] Got req.url=/mef-inversiones/us-central1/mefProxy?limit=9&q=, mapping to path=/?limit=9&q="}}
[debug] [2026-06-21T16:33:05.954Z] [worker-pool] submitRequest(triggerId=us-central1-mefProxy) {"metadata":{"emulator":{"name":"functions"},"message":"[worker-pool] submitRequest(triggerId=us-central1-mefProxy)"}}
[info] i  functions: Beginning execution of "us-central1-mefProxy" {"metadata":{"emulator":{"name":"functions"},"function":{"name":"us-central1-mefProxy"},"extension":{},"message":"Beginning execution of \"us-central1-mefProxy\""}}
[debug] [2026-06-21T16:33:05.954Z] [worker-us-central1-mefProxy-ebd4b8ac-b292-484f-9d9b-2c6468e2bfe5]: BUSY {"metadata":{"emulator":{"name":"functions"},"function":{"name":"us-central1-mefProxy"},"extension":{},"message":"[worker-us-central1-mefProxy-ebd4b8ac-b292-484f-9d9b-2c6468e2bfe5]: BUSY"}}
[info] >  {"targetUrl":"https://api.datosabiertos.mef.gob.pe/DatosAbiertos/v1/datastore_search?resource_id=f9cc4ba0-931a-4b70-86c9-eacbd8c68596&limit=9","severity":"INFO","message":"Consultando API MEF"} {"user":{"targetUrl":"https://api.datosabiertos.mef.gob.pe/DatosAbiertos/v1/datastore_search?resource_id=f9cc4ba0-931a-4b70-86c9-eacbd8c68596&limit=9","severity":"INFO","message":"Consultando API MEF"},"metadata":{"emulator":{"name":"functions"},"function":{"name":"us-central1-mefProxy"},"extension":{},"message":"\u001b[90m> \u001b[39m {\"targetUrl\":\"https://api.datosabiertos.mef.gob.pe/DatosAbiertos/v1/datastore_search?resource_id=f9cc4ba0-931a-4b70-86c9-eacbd8c68596&limit=9\",\"severity\":\"INFO\",\"message\":\"Consultando API MEF\"}"}}
[debug] [2026-06-21T16:33:07.483Z] Finishing up request with event=pause {"metadata":{"emulator":{"name":"functions"},"function":{"name":"us-central1-mefProxy"},"extension":{},"message":"Finishing up request with event=pause"}}
[info] i  functions: Finished "us-central1-mefProxy" in 1529.1061ms {"metadata":{"emulator":{"name":"functions"},"function":{"name":"us-central1-mefProxy"},"extension":{},"message":"Finished \"us-central1-mefProxy\" in 1529.1061ms"}}
[debug] [2026-06-21T16:33:07.486Z] [worker-us-central1-mefProxy-ebd4b8ac-b292-484f-9d9b-2c6468e2bfe5]: IDLE {"metadata":{"emulator":{"name":"functions"},"function":{"name":"us-central1-mefProxy"},"extension":{},"message":"[worker-us-central1-mefProxy-ebd4b8ac-b292-484f-9d9b-2c6468e2bfe5]: IDLE"}}
[debug] [2026-06-21T16:33:07.488Z] Finishing up request with event=finish {"metadata":{"emulator":{"name":"functions"},"function":{"name":"us-central1-mefProxy"},"extension":{},"message":"Finishing up request with event=finish"}}
[debug] [2026-06-21T16:33:07.489Z] Finishing up request with event=close {"metadata":{"emulator":{"name":"functions"},"function":{"name":"us-central1-mefProxy"},"extension":{},"message":"Finishing up request with event=close"}}
[debug] [2026-06-21T16:33:07.489Z] [work-queue] {"queuedWork":[],"queueLength":0,"runningWork":[],"workRunningCount":0}
[debug] [2026-06-21T16:33:07.497Z] [work-queue] {"queuedWork":["/mef-inversiones/us-central1/mefProxy-2026-06-21T16:33:07.497Z"],"queueLength":1,"runningWork":[],"workRunningCount":0}
[debug] [2026-06-21T16:33:07.498Z] [work-queue] {"queuedWork":[],"queueLength":0,"runningWork":["/mef-inversiones/us-central1/mefProxy-2026-06-21T16:33:07.497Z"],"workRunningCount":1}
[debug] [2026-06-21T16:33:07.498Z] Accepted request GET /mef-inversiones/us-central1/mefProxy?limit=9&q= --> us-central1-mefProxy
[debug] [2026-06-21T16:33:07.501Z] [functions] Runtime ready! Sending request! {"metadata":{"emulator":{"name":"functions"},"message":"[functions] Runtime ready! Sending request!"}}
[debug] [2026-06-21T16:33:07.502Z] [functions] Got req.url=/mef-inversiones/us-central1/mefProxy?limit=9&q=, mapping to path=/?limit=9&q= {"metadata":{"emulator":{"name":"functions"},"message":"[functions] Got req.url=/mef-inversiones/us-central1/mefProxy?limit=9&q=, mapping to path=/?limit=9&q="}}
[debug] [2026-06-21T16:33:07.503Z] [worker-pool] submitRequest(triggerId=us-central1-mefProxy) {"metadata":{"emulator":{"name":"functions"},"message":"[worker-pool] submitRequest(triggerId=us-central1-mefProxy)"}}
[info] i  functions: Beginning execution of "us-central1-mefProxy" {"metadata":{"emulator":{"name":"functions"},"function":{"name":"us-central1-mefProxy"},"extension":{},"message":"Beginning execution of \"us-central1-mefProxy\""}}
[debug] [2026-06-21T16:33:07.505Z] [worker-us-central1-mefProxy-ebd4b8ac-b292-484f-9d9b-2c6468e2bfe5]: BUSY {"metadata":{"emulator":{"name":"functions"},"function":{"name":"us-central1-mefProxy"},"extension":{},"message":"[worker-us-central1-mefProxy-ebd4b8ac-b292-484f-9d9b-2c6468e2bfe5]: BUSY"}}
[info] >  {"targetUrl":"https://api.datosabiertos.mef.gob.pe/DatosAbiertos/v1/datastore_search?resource_id=f9cc4ba0-931a-4b70-86c9-eacbd8c68596&limit=9","severity":"INFO","message":"Consultando API MEF"} {"user":{"targetUrl":"https://api.datosabiertos.mef.gob.pe/DatosAbiertos/v1/datastore_search?resource_id=f9cc4ba0-931a-4b70-86c9-eacbd8c68596&limit=9","severity":"INFO","message":"Consultando API MEF"},"metadata":{"emulator":{"name":"functions"},"function":{"name":"us-central1-mefProxy"},"extension":{},"message":"\u001b[90m> \u001b[39m {\"targetUrl\":\"https://api.datosabiertos.mef.gob.pe/DatosAbiertos/v1/datastore_search?resource_id=f9cc4ba0-931a-4b70-86c9-eacbd8c68596&limit=9\",\"severity\":\"INFO\",\"message\":\"Consultando API MEF\"}"}}
[debug] [2026-06-21T16:33:07.893Z] Finishing up request with event=pause {"metadata":{"emulator":{"name":"functions"},"function":{"name":"us-central1-mefProxy"},"extension":{},"message":"Finishing up request with event=pause"}}
[info] i  functions: Finished "us-central1-mefProxy" in 389.0453ms {"metadata":{"emulator":{"name":"functions"},"function":{"name":"us-central1-mefProxy"},"extension":{},"message":"Finished \"us-central1-mefProxy\" in 389.0453ms"}}
[debug] [2026-06-21T16:33:07.894Z] [worker-us-central1-mefProxy-ebd4b8ac-b292-484f-9d9b-2c6468e2bfe5]: IDLE {"metadata":{"emulator":{"name":"functions"},"function":{"name":"us-central1-mefProxy"},"extension":{},"message":"[worker-us-central1-mefProxy-ebd4b8ac-b292-484f-9d9b-2c6468e2bfe5]: IDLE"}}
[debug] [2026-06-21T16:33:07.894Z] Finishing up request with event=finish {"metadata":{"emulator":{"name":"functions"},"function":{"name":"us-central1-mefProxy"},"extension":{},"message":"Finishing up request with event=finish"}}
[debug] [2026-06-21T16:33:07.895Z] Finishing up request with event=close {"metadata":{"emulator":{"name":"functions"},"function":{"name":"us-central1-mefProxy"},"extension":{},"message":"Finishing up request with event=close"}}
[debug] [2026-06-21T16:33:07.895Z] [work-queue] {"queuedWork":[],"queueLength":0,"runningWork":[],"workRunningCount":0}
